<?xml version="1.0" encoding="UTF-8"?>
<!-- Generated by org.testng.reporters.JUnitXMLReporter -->
<testsuite ignored="2" hostname="Apples-MacBook-Pro.local" failures="1" tests="2" name="Regression_Suite" time="21.004" errors="0" timestamp="2021-11-09T02:02:35 IST">
  <testcase classname="com.stepdefinitions.SearchWeather" name="searchweatherReport" time="6.453"/>
  <testcase classname="com.stepdefinitions.WeatherDetails" name="getweatherAPIDetails" time="2.621">
    <failure type="java.lang.AssertionError" message="expected [20.0] but found [19.0]">
      <![CDATA[java.lang.AssertionError: expected [20.0] but found [19.0]
at com.stepdefinitions.WeatherDetails.getweatherAPIDetails(WeatherDetails.java:48)
at java.base/java.util.concurrent.ThreadPoolExecutor.runWorker(ThreadPoolExecutor.java:1130)
at java.base/java.util.concurrent.ThreadPoolExecutor$Worker.run(ThreadPoolExecutor.java:630)
at java.base/java.lang.Thread.run(Thread.java:831)
... Removed 16 stack frames]]>
    </failure>
  </testcase> <!-- getweatherAPIDetails -->
  <testcase classname="com.stepdefinitions.BaseTest" name="@AfterSuite endTest" time="0.0">
    <ignored/>
  </testcase> <!-- @AfterSuite endTest -->
  <testcase classname="com.stepdefinitions.BaseTest" name="@BeforeSuite createReports" time="0.0">
    <ignored/>
  </testcase> <!-- @BeforeSuite createReports -->
</testsuite> <!-- Regression_Suite -->
