<?xml version="1.0" encoding="UTF-8"?>
<testng-results ignored="2" total="4" passed="1" failed="1" skipped="0">
  <reporter-output>
  </reporter-output>
  <suite started-at="2021-11-09T02:02:14 IST" name="Testing Google Apps" finished-at="2021-11-09T02:02:35 IST" duration-ms="21004">
    <groups>
    </groups>
    <test started-at="2021-11-09T02:02:14 IST" name="Regression_Suite" finished-at="2021-11-09T02:02:35 IST" duration-ms="21004">
      <class name="com.stepdefinitions.SearchWeather">
        <test-method is-config="true" signature="createReports()[pri:0, instance:com.stepdefinitions.SearchWeather@c33b74f]" started-at="2021-11-09T02:02:14 IST" name="createReports" finished-at="2021-11-09T02:02:14 IST" duration-ms="201" status="PASS">
          <reporter-output>
          </reporter-output>
        </test-method> <!-- createReports -->
        <test-method is-config="true" signature="setup(java.lang.reflect.Method)[pri:0, instance:com.stepdefinitions.SearchWeather@c33b74f]" started-at="2021-11-09T02:02:14 IST" name="setup" finished-at="2021-11-09T02:02:20 IST" duration-ms="5940" status="PASS">
          <params>
            <param index="0">
              <value>
                <![CDATA[public void com.stepdefinitions.SearchWeather.searchweatherReport(java.lang.reflect.Method) throws java.lang.NumberFormatException,java.lang.Exception]]>
              </value>
            </param>
          </params>
          <reporter-output>
          </reporter-output>
        </test-method> <!-- setup -->
        <test-method signature="searchweatherReport(java.lang.reflect.Method)[pri:0, instance:com.stepdefinitions.SearchWeather@c33b74f]" started-at="2021-11-09T02:02:20 IST" name="searchweatherReport" finished-at="2021-11-09T02:02:27 IST" duration-ms="6453" status="PASS">
          <params>
            <param index="0">
              <value>
                <![CDATA[public void com.stepdefinitions.SearchWeather.searchweatherReport(java.lang.reflect.Method) throws java.lang.NumberFormatException,java.lang.Exception]]>
              </value>
            </param>
          </params>
          <reporter-output>
          </reporter-output>
        </test-method> <!-- searchweatherReport -->
        <test-method is-config="true" signature="teardown(org.testng.ITestResult)[pri:0, instance:com.stepdefinitions.SearchWeather@c33b74f]" started-at="2021-11-09T02:02:27 IST" name="teardown" finished-at="2021-11-09T02:02:27 IST" duration-ms="191" status="PASS">
          <params>
            <param index="0">
              <value>
                <![CDATA[[TestResult name=searchweatherReport status=SUCCESS method=SearchWeather.searchweatherReport(java.lang.reflect.Method)[pri:0, instance:com.stepdefinitions.SearchWeather@c33b74f] output={null}]]]>
              </value>
            </param>
          </params>
          <reporter-output>
          </reporter-output>
        </test-method> <!-- teardown -->
        <test-method is-config="true" signature="endTest()[pri:0, instance:com.stepdefinitions.SearchWeather@c33b74f]" started-at="2021-11-09T02:02:35 IST" name="endTest" finished-at="2021-11-09T02:02:35 IST" duration-ms="277" status="PASS">
          <reporter-output>
          </reporter-output>
        </test-method> <!-- endTest -->
      </class> <!-- com.stepdefinitions.SearchWeather -->
      <class name="com.stepdefinitions.WeatherDetails">
        <test-method is-config="true" signature="setup(java.lang.reflect.Method)[pri:0, instance:com.stepdefinitions.WeatherDetails@291ae]" started-at="2021-11-09T02:02:27 IST" name="setup" finished-at="2021-11-09T02:02:32 IST" duration-ms="5542" status="PASS">
          <params>
            <param index="0">
              <value>
                <![CDATA[public void com.stepdefinitions.WeatherDetails.getweatherAPIDetails()]]>
              </value>
            </param>
          </params>
          <reporter-output>
          </reporter-output>
        </test-method> <!-- setup -->
        <test-method signature="getweatherAPIDetails()[pri:0, instance:com.stepdefinitions.WeatherDetails@291ae]" started-at="2021-11-09T02:02:32 IST" name="getweatherAPIDetails" finished-at="2021-11-09T02:02:35 IST" duration-ms="2621" status="FAIL">
          <exception class="java.lang.AssertionError">
            <message>
              <![CDATA[expected [20.0] but found [19.0]]]>
            </message>
            <full-stacktrace>
              <![CDATA[java.lang.AssertionError: expected [20.0] but found [19.0]
at org.testng.Assert.fail(Assert.java:99)
at org.testng.Assert.failNotEquals(Assert.java:1037)
at org.testng.Assert.assertEquals(Assert.java:701)
at org.testng.Assert.assertEquals(Assert.java:712)
at com.stepdefinitions.WeatherDetails.getweatherAPIDetails(WeatherDetails.java:48)
at java.base/jdk.internal.reflect.NativeMethodAccessorImpl.invoke0(Native Method)
at java.base/jdk.internal.reflect.NativeMethodAccessorImpl.invoke(NativeMethodAccessorImpl.java:78)
at java.base/jdk.internal.reflect.DelegatingMethodAccessorImpl.invoke(DelegatingMethodAccessorImpl.java:43)
at java.base/java.lang.reflect.Method.invoke(Method.java:567)
at org.testng.internal.MethodInvocationHelper.invokeMethod(MethodInvocationHelper.java:133)
at org.testng.internal.TestInvoker.invokeMethod(TestInvoker.java:598)
at org.testng.internal.TestInvoker.invokeTestMethod(TestInvoker.java:173)
at org.testng.internal.MethodRunner.runInSequence(MethodRunner.java:46)
at org.testng.internal.TestInvoker$MethodInvocationAgent.invoke(TestInvoker.java:824)
at org.testng.internal.TestInvoker.invokeTestMethods(TestInvoker.java:146)
at org.testng.internal.TestMethodWorker.invokeTestMethods(TestMethodWorker.java:146)
at org.testng.internal.TestMethodWorker.run(TestMethodWorker.java:128)
at java.base/java.util.concurrent.ThreadPoolExecutor.runWorker(ThreadPoolExecutor.java:1130)
at java.base/java.util.concurrent.ThreadPoolExecutor$Worker.run(ThreadPoolExecutor.java:630)
at java.base/java.lang.Thread.run(Thread.java:831)
]]>
            </full-stacktrace>
          </exception> <!-- java.lang.AssertionError -->
          <reporter-output>
          </reporter-output>
        </test-method> <!-- getweatherAPIDetails -->
        <test-method is-config="true" signature="teardown(org.testng.ITestResult)[pri:0, instance:com.stepdefinitions.WeatherDetails@291ae]" started-at="2021-11-09T02:02:35 IST" name="teardown" finished-at="2021-11-09T02:02:35 IST" duration-ms="218" status="PASS">
          <params>
            <param index="0">
              <value>
                <![CDATA[[TestResult name=getweatherAPIDetails status=FAILURE method=WeatherDetails.getweatherAPIDetails()[pri:0, instance:com.stepdefinitions.WeatherDetails@291ae] output={null}]]]>
              </value>
            </param>
          </params>
          <reporter-output>
          </reporter-output>
        </test-method> <!-- teardown -->
      </class> <!-- com.stepdefinitions.WeatherDetails -->
    </test> <!-- Regression_Suite -->
  </suite> <!-- Testing Google Apps -->
</testng-results>
